=========== raw Images T12D ===============
From: /data/output/habib/processed/CFTY720D2201E2/*/*/anat/sub-*_ses-V*_M[0-9]_run-[0-9]_T1w.anat/
To: /data/output/habib/processed/CFTY720D2201E2/QC/QC_T12D_raw
-------------------------------------------------------
/data/output/habib/processed/CFTY720D2201E2/sub-0wsPQK5lY6/ses-V1_M1/anat/sub-0wsPQK5lY6_ses-V1_M1_run-1_T1w.anat/T1_orig
/data/output/habib/processed/CFTY720D2201E2/sub-0wsPQK5lY6/ses-V1_M2/anat/sub-0wsPQK5lY6_ses-V1_M2_run-1_T1w.anat/T1_orig
/data/output/habib/processed/CFTY720D2201E2/sub-183o7a9Kuv/ses-V1_M2/anat/sub-183o7a9Kuv_ses-V1_M2_run-1_T1w.anat/T1_orig
/data/output/habib/processed/CFTY720D2201E2/sub-1cZUhu0QDr/ses-V1_M2/anat/sub-1cZUhu0QDr_ses-V1_M2_run-1_T1w.anat/T1_orig
/data/output/habib/processed/CFTY720D2201E2/sub-1driL0OzyP/ses-V1_M2/anat/sub-1driL0OzyP_ses-V1_M2_run-1_T1w.anat/T1_orig
/data/output/habib/processed/CFTY720D2201E2/sub-1jE8YizEvR/ses-V1_M1/anat/sub-1jE8YizEvR_ses-V1_M1_run-1_T1w.anat/T1_orig
/data/output/habib/processed/CFTY720D2201E2/sub-1oymr0VERy/ses-V1_M2/anat/sub-1oymr0VERy_ses-V1_M2_run-1_T1w.anat/T1_orig
/data/output/habib/processed/CFTY720D2201E2/sub-1PxKo6JX7C/ses-V1_M2/anat/sub-1PxKo6JX7C_ses-V1_M2_run-1_T1w.anat/T1_orig
/data/output/habib/processed/CFTY720D2201E2/sub-2okKlAKGz7/ses-V1_M2/anat/sub-2okKlAKGz7_ses-V1_M2_run-1_T1w.anat/T1_orig
/data/output/habib/processed/CFTY720D2201E2/sub-3F8MbRMFA7/ses-V1_M2/anat/sub-3F8MbRMFA7_ses-V1_M2_run-1_T1w.anat/T1_orig
/data/output/habib/processed/CFTY720D2201E2/sub-3LfnLr4zCi/ses-V1_M2/anat/sub-3LfnLr4zCi_ses-V1_M2_run-1_T1w.anat/T1_orig
/data/output/habib/processed/CFTY720D2201E2/sub-3ysKTMARIM/ses-V1_M2/anat/sub-3ysKTMARIM_ses-V1_M2_run-1_T1w.anat/T1_orig
/data/output/habib/processed/CFTY720D2201E2/sub-3ZRFEERndi/ses-V1_M2/anat/sub-3ZRFEERndi_ses-V1_M2_run-1_T1w.anat/T1_orig
/data/output/habib/processed/CFTY720D2201E2/sub-4EaWtGpT5c/ses-V1_M2/anat/sub-4EaWtGpT5c_ses-V1_M2_run-1_T1w.anat/T1_orig
/data/output/habib/processed/CFTY720D2201E2/sub-5Plsjvb43n/ses-V1.01_M2/anat/sub-5Plsjvb43n_ses-V1.01_M2_run-1_T1w.anat/T1_orig
/data/output/habib/processed/CFTY720D2201E2/sub-5Plsjvb43n/ses-V1_M2/anat/sub-5Plsjvb43n_ses-V1_M2_run-1_T1w.anat/T1_orig
/data/output/habib/processed/CFTY720D2201E2/sub-62XyHhP36E/ses-V1_M2/anat/sub-62XyHhP36E_ses-V1_M2_run-1_T1w.anat/T1_orig
/data/output/habib/processed/CFTY720D2201E2/sub-6jW6DQ3vXt/ses-V1.01_M2/anat/sub-6jW6DQ3vXt_ses-V1.01_M2_run-1_T1w.anat/T1_orig
/data/output/habib/processed/CFTY720D2201E2/sub-6jW6DQ3vXt/ses-V1_M2/anat/sub-6jW6DQ3vXt_ses-V1_M2_run-1_T1w.anat/T1_orig
/data/output/habib/processed/CFTY720D2201E2/sub-6tB8gfR6aS/ses-V1_M2/anat/sub-6tB8gfR6aS_ses-V1_M2_run-1_T1w.anat/T1_orig
/data/output/habib/processed/CFTY720D2201E2/sub-7OGonGEGfU/ses-V1_M2/anat/sub-7OGonGEGfU_ses-V1_M2_run-1_T1w.anat/T1_orig
/data/output/habib/processed/CFTY720D2201E2/sub-8gyU01o87r/ses-V1_M2/anat/sub-8gyU01o87r_ses-V1_M2_run-1_T1w.anat/T1_orig
/data/output/habib/processed/CFTY720D2201E2/sub-8kU1D4rAjX/ses-V1.01_M1/anat/sub-8kU1D4rAjX_ses-V1.01_M1_run-1_T1w.anat/T1_orig
/data/output/habib/processed/CFTY720D2201E2/sub-8XXXz2so7P/ses-V1_M2/anat/sub-8XXXz2so7P_ses-V1_M2_run-1_T1w.anat/T1_orig
/data/output/habib/processed/CFTY720D2201E2/sub-93vDkHM1z1/ses-V1_M2/anat/sub-93vDkHM1z1_ses-V1_M2_run-1_T1w.anat/T1_orig
/data/output/habib/processed/CFTY720D2201E2/sub-9FAJyB2lh1/ses-V1_M2/anat/sub-9FAJyB2lh1_ses-V1_M2_run-1_T1w.anat/T1_orig
/data/output/habib/processed/CFTY720D2201E2/sub-Adsp3z2dkZ/ses-V1_M2/anat/sub-Adsp3z2dkZ_ses-V1_M2_run-1_T1w.anat/T1_orig
/data/output/habib/processed/CFTY720D2201E2/sub-AIq29wodUy/ses-V1.01_M2/anat/sub-AIq29wodUy_ses-V1.01_M2_run-1_T1w.anat/T1_orig
/data/output/habib/processed/CFTY720D2201E2/sub-AjbJmVG3AM/ses-V1_M2/anat/sub-AjbJmVG3AM_ses-V1_M2_run-1_T1w.anat/T1_orig
/data/output/habib/processed/CFTY720D2201E2/sub-aK6KcbXeDJ/ses-V1_M2/anat/sub-aK6KcbXeDJ_ses-V1_M2_run-1_T1w.anat/T1_orig
/data/output/habib/processed/CFTY720D2201E2/sub-ALZfBG1cXs/ses-V1_M2/anat/sub-ALZfBG1cXs_ses-V1_M2_run-1_T1w.anat/T1_orig
/data/output/habib/processed/CFTY720D2201E2/sub-aTmqaiEA0T/ses-V1_M2/anat/sub-aTmqaiEA0T_ses-V1_M2_run-1_T1w.anat/T1_orig
/data/output/habib/processed/CFTY720D2201E2/sub-AWKJltpJAr/ses-V1_M1/anat/sub-AWKJltpJAr_ses-V1_M1_run-1_T1w.anat/T1_orig
/data/output/habib/processed/CFTY720D2201E2/sub-AWKJltpJAr/ses-V1_M2/anat/sub-AWKJltpJAr_ses-V1_M2_run-1_T1w.anat/T1_orig
/data/output/habib/processed/CFTY720D2201E2/sub-AXsiAWCUtl/ses-V1_M2/anat/sub-AXsiAWCUtl_ses-V1_M2_run-1_T1w.anat/T1_orig
/data/output/habib/processed/CFTY720D2201E2/sub-aY95Qw1ri4/ses-V1_M2/anat/sub-aY95Qw1ri4_ses-V1_M2_run-1_T1w.anat/T1_orig
/data/output/habib/processed/CFTY720D2201E2/sub-BDcv7cyMNm/ses-V1_M2/anat/sub-BDcv7cyMNm_ses-V1_M2_run-1_T1w.anat/T1_orig
/data/output/habib/processed/CFTY720D2201E2/sub-bEFWdUNnHx/ses-V1_M2/anat/sub-bEFWdUNnHx_ses-V1_M2_run-1_T1w.anat/T1_orig
/data/output/habib/processed/CFTY720D2201E2/sub-bGsqZL33YQ/ses-V1_M2/anat/sub-bGsqZL33YQ_ses-V1_M2_run-1_T1w.anat/T1_orig
/data/output/habib/processed/CFTY720D2201E2/sub-bkWjbEeAx0/ses-V1_M2/anat/sub-bkWjbEeAx0_ses-V1_M2_run-1_T1w.anat/T1_orig
/data/output/habib/processed/CFTY720D2201E2/sub-BrxHKjSwFP/ses-V1_M2/anat/sub-BrxHKjSwFP_ses-V1_M2_run-1_T1w.anat/T1_orig
/data/output/habib/processed/CFTY720D2201E2/sub-bzLDnf6FLm/ses-V1_M2/anat/sub-bzLDnf6FLm_ses-V1_M2_run-1_T1w.anat/T1_orig
/data/output/habib/processed/CFTY720D2201E2/sub-cC6cmxcFxq/ses-V1_M2/anat/sub-cC6cmxcFxq_ses-V1_M2_run-1_T1w.anat/T1_orig
/data/output/habib/processed/CFTY720D2201E2/sub-CHnsWQ5U0V/ses-V1_M2/anat/sub-CHnsWQ5U0V_ses-V1_M2_run-1_T1w.anat/T1_orig
/data/output/habib/processed/CFTY720D2201E2/sub-cYoFB2TZCh/ses-V1_M2/anat/sub-cYoFB2TZCh_ses-V1_M2_run-1_T1w.anat/T1_orig
/data/output/habib/processed/CFTY720D2201E2/sub-d4jTYpPetv/ses-V1_M2/anat/sub-d4jTYpPetv_ses-V1_M2_run-1_T1w.anat/T1_orig
/data/output/habib/processed/CFTY720D2201E2/sub-Dc8BYXTCIh/ses-V1_M2/anat/sub-Dc8BYXTCIh_ses-V1_M2_run-1_T1w.anat/T1_orig
/data/output/habib/processed/CFTY720D2201E2/sub-dHXst5zRSH/ses-V1_M2/anat/sub-dHXst5zRSH_ses-V1_M2_run-1_T1w.anat/T1_orig
/data/output/habib/processed/CFTY720D2201E2/sub-e7ZrbSjN0I/ses-V1_M2/anat/sub-e7ZrbSjN0I_ses-V1_M2_run-1_T1w.anat/T1_orig
/data/output/habib/processed/CFTY720D2201E2/sub-eauHrpWnAJ/ses-V1_M2/anat/sub-eauHrpWnAJ_ses-V1_M2_run-1_T1w.anat/T1_orig
/data/output/habib/processed/CFTY720D2201E2/sub-eHqHFCMMeh/ses-V1_M2/anat/sub-eHqHFCMMeh_ses-V1_M2_run-1_T1w.anat/T1_orig
/data/output/habib/processed/CFTY720D2201E2/sub-EKSoAdvtyE/ses-V1_M2/anat/sub-EKSoAdvtyE_ses-V1_M2_run-1_T1w.anat/T1_orig
/data/output/habib/processed/CFTY720D2201E2/sub-epUYK5DusE/ses-V1_M2/anat/sub-epUYK5DusE_ses-V1_M2_run-1_T1w.anat/T1_orig
/data/output/habib/processed/CFTY720D2201E2/sub-eViLhPpvW6/ses-V1_M2/anat/sub-eViLhPpvW6_ses-V1_M2_run-1_T1w.anat/T1_orig
/data/output/habib/processed/CFTY720D2201E2/sub-f9MJEP96ID/ses-V1_M2/anat/sub-f9MJEP96ID_ses-V1_M2_run-1_T1w.anat/T1_orig
/data/output/habib/processed/CFTY720D2201E2/sub-FaCb1A2zSM/ses-V1_M2/anat/sub-FaCb1A2zSM_ses-V1_M2_run-1_T1w.anat/T1_orig
/data/output/habib/processed/CFTY720D2201E2/sub-fn320z27It/ses-V1_M2/anat/sub-fn320z27It_ses-V1_M2_run-1_T1w.anat/T1_orig
/data/output/habib/processed/CFTY720D2201E2/sub-FNHDGLF3w2/ses-V1_M2/anat/sub-FNHDGLF3w2_ses-V1_M2_run-1_T1w.anat/T1_orig
/data/output/habib/processed/CFTY720D2201E2/sub-fO3YqhNYTG/ses-V1_M2/anat/sub-fO3YqhNYTG_ses-V1_M2_run-1_T1w.anat/T1_orig
/data/output/habib/processed/CFTY720D2201E2/sub-FS5cr8mHbm/ses-V1_M2/anat/sub-FS5cr8mHbm_ses-V1_M2_run-1_T1w.anat/T1_orig
/data/output/habib/processed/CFTY720D2201E2/sub-g5IEVBVXki/ses-V1_M2/anat/sub-g5IEVBVXki_ses-V1_M2_run-1_T1w.anat/T1_orig
/data/output/habib/processed/CFTY720D2201E2/sub-g5NRtAIJ6P/ses-V1_M2/anat/sub-g5NRtAIJ6P_ses-V1_M2_run-1_T1w.anat/T1_orig
/data/output/habib/processed/CFTY720D2201E2/sub-gJ7H4KPkUE/ses-V1_M2/anat/sub-gJ7H4KPkUE_ses-V1_M2_run-1_T1w.anat/T1_orig
/data/output/habib/processed/CFTY720D2201E2/sub-heUVKhoKoP/ses-V1_M2/anat/sub-heUVKhoKoP_ses-V1_M2_run-1_T1w.anat/T1_orig
/data/output/habib/processed/CFTY720D2201E2/sub-hjtkVnYcrP/ses-V1_M2/anat/sub-hjtkVnYcrP_ses-V1_M2_run-1_T1w.anat/T1_orig
/data/output/habib/processed/CFTY720D2201E2/sub-hmlRGl2yWk/ses-V1_M2/anat/sub-hmlRGl2yWk_ses-V1_M2_run-1_T1w.anat/T1_orig
/data/output/habib/processed/CFTY720D2201E2/sub-HOZjFjkTIc/ses-V1_M2/anat/sub-HOZjFjkTIc_ses-V1_M2_run-1_T1w.anat/T1_orig
/data/output/habib/processed/CFTY720D2201E2/sub-HQe6QkUJMN/ses-V1_M2/anat/sub-HQe6QkUJMN_ses-V1_M2_run-1_T1w.anat/T1_orig
/data/output/habib/processed/CFTY720D2201E2/sub-hVJ1uYUQZf/ses-V1_M1/anat/sub-hVJ1uYUQZf_ses-V1_M1_run-1_T1w.anat/T1_orig
/data/output/habib/processed/CFTY720D2201E2/sub-hVJ1uYUQZf/ses-V1_M2/anat/sub-hVJ1uYUQZf_ses-V1_M2_run-1_T1w.anat/T1_orig
/data/output/habib/processed/CFTY720D2201E2/sub-hZNcmMQcIi/ses-V1_M2/anat/sub-hZNcmMQcIi_ses-V1_M2_run-1_T1w.anat/T1_orig
/data/output/habib/processed/CFTY720D2201E2/sub-J7FP2iMtwa/ses-V1_M2/anat/sub-J7FP2iMtwa_ses-V1_M2_run-1_T1w.anat/T1_orig
/data/output/habib/processed/CFTY720D2201E2/sub-jRpbervwpL/ses-V1_M2/anat/sub-jRpbervwpL_ses-V1_M2_run-1_T1w.anat/T1_orig
/data/output/habib/processed/CFTY720D2201E2/sub-k7JOykiSxP/ses-V1_M2/anat/sub-k7JOykiSxP_ses-V1_M2_run-1_T1w.anat/T1_orig
/data/output/habib/processed/CFTY720D2201E2/sub-KCeujyU2JU/ses-V1_M2/anat/sub-KCeujyU2JU_ses-V1_M2_run-1_T1w.anat/T1_orig
/data/output/habib/processed/CFTY720D2201E2/sub-kGCzkFEb4Z/ses-V1_M1/anat/sub-kGCzkFEb4Z_ses-V1_M1_run-1_T1w.anat/T1_orig
/data/output/habib/processed/CFTY720D2201E2/sub-kGCzkFEb4Z/ses-V1_M2/anat/sub-kGCzkFEb4Z_ses-V1_M2_run-1_T1w.anat/T1_orig
/data/output/habib/processed/CFTY720D2201E2/sub-KkLRZqUwCd/ses-V1_M1/anat/sub-KkLRZqUwCd_ses-V1_M1_run-1_T1w.anat/T1_orig
/data/output/habib/processed/CFTY720D2201E2/sub-KkLRZqUwCd/ses-V1_M2/anat/sub-KkLRZqUwCd_ses-V1_M2_run-1_T1w.anat/T1_orig
/data/output/habib/processed/CFTY720D2201E2/sub-kVCNLHqwCs/ses-V1_M2/anat/sub-kVCNLHqwCs_ses-V1_M2_run-1_T1w.anat/T1_orig
/data/output/habib/processed/CFTY720D2201E2/sub-LctdSePQA7/ses-V1_M2/anat/sub-LctdSePQA7_ses-V1_M2_run-1_T1w.anat/T1_orig
/data/output/habib/processed/CFTY720D2201E2/sub-ldiDvNJXlX/ses-V1_M2/anat/sub-ldiDvNJXlX_ses-V1_M2_run-1_T1w.anat/T1_orig
/data/output/habib/processed/CFTY720D2201E2/sub-LjN4t7jE1c/ses-V1_M2/anat/sub-LjN4t7jE1c_ses-V1_M2_run-1_T1w.anat/T1_orig
/data/output/habib/processed/CFTY720D2201E2/sub-lM6rbvQYTh/ses-V1_M2/anat/sub-lM6rbvQYTh_ses-V1_M2_run-1_T1w.anat/T1_orig
/data/output/habib/processed/CFTY720D2201E2/sub-lnfaKRcpTc/ses-V1_M1/anat/sub-lnfaKRcpTc_ses-V1_M1_run-1_T1w.anat/T1_orig
/data/output/habib/processed/CFTY720D2201E2/sub-lnfaKRcpTc/ses-V1_M2/anat/sub-lnfaKRcpTc_ses-V1_M2_run-1_T1w.anat/T1_orig
/data/output/habib/processed/CFTY720D2201E2/sub-Lxf0rhPHSG/ses-V1_M2/anat/sub-Lxf0rhPHSG_ses-V1_M2_run-1_T1w.anat/T1_orig
/data/output/habib/processed/CFTY720D2201E2/sub-MAkdaUQagM/ses-V1_M1/anat/sub-MAkdaUQagM_ses-V1_M1_run-1_T1w.anat/T1_orig
/data/output/habib/processed/CFTY720D2201E2/sub-MAkdaUQagM/ses-V1_M2/anat/sub-MAkdaUQagM_ses-V1_M2_run-1_T1w.anat/T1_orig
/data/output/habib/processed/CFTY720D2201E2/sub-mCp9oNunud/ses-V1_M2/anat/sub-mCp9oNunud_ses-V1_M2_run-1_T1w.anat/T1_orig
/data/output/habib/processed/CFTY720D2201E2/sub-mkhH4qzXgl/ses-V1_M2/anat/sub-mkhH4qzXgl_ses-V1_M2_run-1_T1w.anat/T1_orig
/data/output/habib/processed/CFTY720D2201E2/sub-N9Rk1urm0f/ses-V1_M2/anat/sub-N9Rk1urm0f_ses-V1_M2_run-1_T1w.anat/T1_orig
/data/output/habib/processed/CFTY720D2201E2/sub-nCC2h12HlX/ses-V1_M2/anat/sub-nCC2h12HlX_ses-V1_M2_run-1_T1w.anat/T1_orig
/data/output/habib/processed/CFTY720D2201E2/sub-NCOU1FQJyt/ses-V1.01_M2/anat/sub-NCOU1FQJyt_ses-V1.01_M2_run-1_T1w.anat/T1_orig
/data/output/habib/processed/CFTY720D2201E2/sub-NCOU1FQJyt/ses-V1_M2/anat/sub-NCOU1FQJyt_ses-V1_M2_run-1_T1w.anat/T1_orig
/data/output/habib/processed/CFTY720D2201E2/sub-ngKqGjSso3/ses-V1_M2/anat/sub-ngKqGjSso3_ses-V1_M2_run-1_T1w.anat/T1_orig
/data/output/habib/processed/CFTY720D2201E2/sub-NjTJUAQoOi/ses-V1_M2/anat/sub-NjTJUAQoOi_ses-V1_M2_run-1_T1w.anat/T1_orig
/data/output/habib/processed/CFTY720D2201E2/sub-nMZyZlAlz1/ses-V1_M2/anat/sub-nMZyZlAlz1_ses-V1_M2_run-1_T1w.anat/T1_orig
/data/output/habib/processed/CFTY720D2201E2/sub-O8MoWwbZBk/ses-V1_M1/anat/sub-O8MoWwbZBk_ses-V1_M1_run-1_T1w.anat/T1_orig
/data/output/habib/processed/CFTY720D2201E2/sub-O8MoWwbZBk/ses-V1_M2/anat/sub-O8MoWwbZBk_ses-V1_M2_run-1_T1w.anat/T1_orig
/data/output/habib/processed/CFTY720D2201E2/sub-ODw2kz4nnO/ses-V1_M2/anat/sub-ODw2kz4nnO_ses-V1_M2_run-1_T1w.anat/T1_orig
/data/output/habib/processed/CFTY720D2201E2/sub-oejqQPedJI/ses-V1_M2/anat/sub-oejqQPedJI_ses-V1_M2_run-1_T1w.anat/T1_orig
/data/output/habib/processed/CFTY720D2201E2/sub-ofUCkf0WXb/ses-V1_M2/anat/sub-ofUCkf0WXb_ses-V1_M2_run-1_T1w.anat/T1_orig
/data/output/habib/processed/CFTY720D2201E2/sub-OgBMNdvina/ses-V1_M2/anat/sub-OgBMNdvina_ses-V1_M2_run-1_T1w.anat/T1_orig
/data/output/habib/processed/CFTY720D2201E2/sub-OI3a9mJHgJ/ses-V1_M2/anat/sub-OI3a9mJHgJ_ses-V1_M2_run-1_T1w.anat/T1_orig
/data/output/habib/processed/CFTY720D2201E2/sub-OKMYSOJp1Z/ses-V1_M2/anat/sub-OKMYSOJp1Z_ses-V1_M2_run-1_T1w.anat/T1_orig
/data/output/habib/processed/CFTY720D2201E2/sub-ongN9HwnPe/ses-V1_M2/anat/sub-ongN9HwnPe_ses-V1_M2_run-1_T1w.anat/T1_orig
/data/output/habib/processed/CFTY720D2201E2/sub-oqBCE2woSQ/ses-V1_M2/anat/sub-oqBCE2woSQ_ses-V1_M2_run-1_T1w.anat/T1_orig
/data/output/habib/processed/CFTY720D2201E2/sub-p0pHuLshdD/ses-V1_M2/anat/sub-p0pHuLshdD_ses-V1_M2_run-1_T1w.anat/T1_orig
/data/output/habib/processed/CFTY720D2201E2/sub-P31zcI4zUb/ses-V1_M2/anat/sub-P31zcI4zUb_ses-V1_M2_run-1_T1w.anat/T1_orig
/data/output/habib/processed/CFTY720D2201E2/sub-pdCc4pscDb/ses-V1_M1/anat/sub-pdCc4pscDb_ses-V1_M1_run-1_T1w.anat/T1_orig
/data/output/habib/processed/CFTY720D2201E2/sub-pdCc4pscDb/ses-V1_M2/anat/sub-pdCc4pscDb_ses-V1_M2_run-1_T1w.anat/T1_orig
/data/output/habib/processed/CFTY720D2201E2/sub-pIZx9hDqjQ/ses-V1_M2/anat/sub-pIZx9hDqjQ_ses-V1_M2_run-1_T1w.anat/T1_orig
/data/output/habib/processed/CFTY720D2201E2/sub-pOKBHugKpi/ses-V1_M2/anat/sub-pOKBHugKpi_ses-V1_M2_run-1_T1w.anat/T1_orig
/data/output/habib/processed/CFTY720D2201E2/sub-Ppjj1zmIfx/ses-V1_M2/anat/sub-Ppjj1zmIfx_ses-V1_M2_run-1_T1w.anat/T1_orig
/data/output/habib/processed/CFTY720D2201E2/sub-PQlcmAw2rd/ses-V1_M2/anat/sub-PQlcmAw2rd_ses-V1_M2_run-1_T1w.anat/T1_orig
/data/output/habib/processed/CFTY720D2201E2/sub-PuHo5ZmEjw/ses-V1_M2/anat/sub-PuHo5ZmEjw_ses-V1_M2_run-1_T1w.anat/T1_orig
/data/output/habib/processed/CFTY720D2201E2/sub-q28GKWqLbd/ses-V1_M2/anat/sub-q28GKWqLbd_ses-V1_M2_run-1_T1w.anat/T1_orig
/data/output/habib/processed/CFTY720D2201E2/sub-QFjX0SAHg4/ses-V1_M2/anat/sub-QFjX0SAHg4_ses-V1_M2_run-1_T1w.anat/T1_orig
/data/output/habib/processed/CFTY720D2201E2/sub-QpVtqVBlT9/ses-V1_M2/anat/sub-QpVtqVBlT9_ses-V1_M2_run-1_T1w.anat/T1_orig
/data/output/habib/processed/CFTY720D2201E2/sub-R0TgUZC0HT/ses-V1_M2/anat/sub-R0TgUZC0HT_ses-V1_M2_run-1_T1w.anat/T1_orig
/data/output/habib/processed/CFTY720D2201E2/sub-rJK7J1LLv9/ses-V1_M2/anat/sub-rJK7J1LLv9_ses-V1_M2_run-1_T1w.anat/T1_orig
/data/output/habib/processed/CFTY720D2201E2/sub-RoWYzz1FgF/ses-V1_M2/anat/sub-RoWYzz1FgF_ses-V1_M2_run-1_T1w.anat/T1_orig
/data/output/habib/processed/CFTY720D2201E2/sub-RPLk8nMjuw/ses-V1_M2/anat/sub-RPLk8nMjuw_ses-V1_M2_run-1_T1w.anat/T1_orig
/data/output/habib/processed/CFTY720D2201E2/sub-RT3kMVO1XT/ses-V1_M2/anat/sub-RT3kMVO1XT_ses-V1_M2_run-1_T1w.anat/T1_orig
/data/output/habib/processed/CFTY720D2201E2/sub-rVZjjYK9QW/ses-V1_M2/anat/sub-rVZjjYK9QW_ses-V1_M2_run-1_T1w.anat/T1_orig
/data/output/habib/processed/CFTY720D2201E2/sub-rwwtkK5Eu5/ses-V1.01_M2/anat/sub-rwwtkK5Eu5_ses-V1.01_M2_run-1_T1w.anat/T1_orig
/data/output/habib/processed/CFTY720D2201E2/sub-sBFWmltB9d/ses-V1_M2/anat/sub-sBFWmltB9d_ses-V1_M2_run-1_T1w.anat/T1_orig
/data/output/habib/processed/CFTY720D2201E2/sub-SkKTlSfnlv/ses-V1_M2/anat/sub-SkKTlSfnlv_ses-V1_M2_run-1_T1w.anat/T1_orig
/data/output/habib/processed/CFTY720D2201E2/sub-ThIajP7o3P/ses-V1_M2/anat/sub-ThIajP7o3P_ses-V1_M2_run-1_T1w.anat/T1_orig
/data/output/habib/processed/CFTY720D2201E2/sub-TkY4LLTjoX/ses-V1_M2/anat/sub-TkY4LLTjoX_ses-V1_M2_run-1_T1w.anat/T1_orig
/data/output/habib/processed/CFTY720D2201E2/sub-toUh6Y5Tnl/ses-V1_M2/anat/sub-toUh6Y5Tnl_ses-V1_M2_run-1_T1w.anat/T1_orig
/data/output/habib/processed/CFTY720D2201E2/sub-tWVERccJLl/ses-V1_M2/anat/sub-tWVERccJLl_ses-V1_M2_run-1_T1w.anat/T1_orig
/data/output/habib/processed/CFTY720D2201E2/sub-UR32wWL95E/ses-V1_M2/anat/sub-UR32wWL95E_ses-V1_M2_run-1_T1w.anat/T1_orig
/data/output/habib/processed/CFTY720D2201E2/sub-UxI6Xoj2uE/ses-V1_M2/anat/sub-UxI6Xoj2uE_ses-V1_M2_run-1_T1w.anat/T1_orig
/data/output/habib/processed/CFTY720D2201E2/sub-Uxw8YepcQW/ses-V1_M2/anat/sub-Uxw8YepcQW_ses-V1_M2_run-1_T1w.anat/T1_orig
/data/output/habib/processed/CFTY720D2201E2/sub-UYOi6BQppb/ses-V1_M2/anat/sub-UYOi6BQppb_ses-V1_M2_run-1_T1w.anat/T1_orig
/data/output/habib/processed/CFTY720D2201E2/sub-V8rDdE4NSu/ses-V1_M2/anat/sub-V8rDdE4NSu_ses-V1_M2_run-1_T1w.anat/T1_orig
/data/output/habib/processed/CFTY720D2201E2/sub-VcTsjYmZg8/ses-V1_M2/anat/sub-VcTsjYmZg8_ses-V1_M2_run-1_T1w.anat/T1_orig
/data/output/habib/processed/CFTY720D2201E2/sub-w0tQT5ZVri/ses-V1_M2/anat/sub-w0tQT5ZVri_ses-V1_M2_run-1_T1w.anat/T1_orig
/data/output/habib/processed/CFTY720D2201E2/sub-WC4IwuUsW9/ses-V1_M2/anat/sub-WC4IwuUsW9_ses-V1_M2_run-1_T1w.anat/T1_orig
/data/output/habib/processed/CFTY720D2201E2/sub-wdIccHVOJM/ses-V1_M2/anat/sub-wdIccHVOJM_ses-V1_M2_run-1_T1w.anat/T1_orig
/data/output/habib/processed/CFTY720D2201E2/sub-Wfu7AXKM9i/ses-V1.01_M2/anat/sub-Wfu7AXKM9i_ses-V1.01_M2_run-1_T1w.anat/T1_orig
/data/output/habib/processed/CFTY720D2201E2/sub-Wfu7AXKM9i/ses-V1_M2/anat/sub-Wfu7AXKM9i_ses-V1_M2_run-1_T1w.anat/T1_orig
/data/output/habib/processed/CFTY720D2201E2/sub-Wi1jPmaJKd/ses-V1_M2/anat/sub-Wi1jPmaJKd_ses-V1_M2_run-1_T1w.anat/T1_orig
/data/output/habib/processed/CFTY720D2201E2/sub-wn3Nq9Y277/ses-V1.01_M2/anat/sub-wn3Nq9Y277_ses-V1.01_M2_run-1_T1w.anat/T1_orig
/data/output/habib/processed/CFTY720D2201E2/sub-wn3Nq9Y277/ses-V1_M2/anat/sub-wn3Nq9Y277_ses-V1_M2_run-1_T1w.anat/T1_orig
/data/output/habib/processed/CFTY720D2201E2/sub-WNRmdd6LrE/ses-V1_M2/anat/sub-WNRmdd6LrE_ses-V1_M2_run-1_T1w.anat/T1_orig
/data/output/habib/processed/CFTY720D2201E2/sub-x6iaXwTwZE/ses-V1_M2/anat/sub-x6iaXwTwZE_ses-V1_M2_run-1_T1w.anat/T1_orig
/data/output/habib/processed/CFTY720D2201E2/sub-XNhUhTNChR/ses-V1_M2/anat/sub-XNhUhTNChR_ses-V1_M2_run-1_T1w.anat/T1_orig
/data/output/habib/processed/CFTY720D2201E2/sub-xPvwgSDtlD/ses-V1_M2/anat/sub-xPvwgSDtlD_ses-V1_M2_run-1_T1w.anat/T1_orig
/data/output/habib/processed/CFTY720D2201E2/sub-xsy4kzRHDD/ses-V1_M2/anat/sub-xsy4kzRHDD_ses-V1_M2_run-1_T1w.anat/T1_orig
/data/output/habib/processed/CFTY720D2201E2/sub-xvnkMcDJHT/ses-V1_M2/anat/sub-xvnkMcDJHT_ses-V1_M2_run-1_T1w.anat/T1_orig
/data/output/habib/processed/CFTY720D2201E2/sub-y6StmUhInK/ses-V1_M2/anat/sub-y6StmUhInK_ses-V1_M2_run-1_T1w.anat/T1_orig
/data/output/habib/processed/CFTY720D2201E2/sub-yAGeW5TE9Q/ses-V1_M2/anat/sub-yAGeW5TE9Q_ses-V1_M2_run-1_T1w.anat/T1_orig
/data/output/habib/processed/CFTY720D2201E2/sub-YAy74bDoLm/ses-V1_M2/anat/sub-YAy74bDoLm_ses-V1_M2_run-1_T1w.anat/T1_orig
/data/output/habib/processed/CFTY720D2201E2/sub-yCxUT704LH/ses-V1_M2/anat/sub-yCxUT704LH_ses-V1_M2_run-1_T1w.anat/T1_orig
/data/output/habib/processed/CFTY720D2201E2/sub-yDYzKlz1fN/ses-V1_M1/anat/sub-yDYzKlz1fN_ses-V1_M1_run-1_T1w.anat/T1_orig
/data/output/habib/processed/CFTY720D2201E2/sub-yDYzKlz1fN/ses-V1_M2/anat/sub-yDYzKlz1fN_ses-V1_M2_run-1_T1w.anat/T1_orig
/data/output/habib/processed/CFTY720D2201E2/sub-YezlX8CtNI/ses-V1_M2/anat/sub-YezlX8CtNI_ses-V1_M2_run-1_T1w.anat/T1_orig
/data/output/habib/processed/CFTY720D2201E2/sub-ygMX7CLPKr/ses-V1_M1/anat/sub-ygMX7CLPKr_ses-V1_M1_run-1_T1w.anat/T1_orig
/data/output/habib/processed/CFTY720D2201E2/sub-ygMX7CLPKr/ses-V1_M2/anat/sub-ygMX7CLPKr_ses-V1_M2_run-1_T1w.anat/T1_orig
/data/output/habib/processed/CFTY720D2201E2/sub-YiuYBr2XTJ/ses-V1_M2/anat/sub-YiuYBr2XTJ_ses-V1_M2_run-1_T1w.anat/T1_orig
/data/output/habib/processed/CFTY720D2201E2/sub-YVRzxti84L/ses-V1_M2/anat/sub-YVRzxti84L_ses-V1_M2_run-1_T1w.anat/T1_orig
/data/output/habib/processed/CFTY720D2201E2/sub-zjfcjMUn58/ses-V1_M2/anat/sub-zjfcjMUn58_ses-V1_M2_run-1_T1w.anat/T1_orig
/data/output/habib/processed/CFTY720D2201E2/sub-ZLNlBMaUdS/ses-V1_M2/anat/sub-ZLNlBMaUdS_ses-V1_M2_run-1_T1w.anat/T1_orig
/data/output/habib/processed/CFTY720D2201E2/sub-ZNE9p9ct14/ses-V1_M2/anat/sub-ZNE9p9ct14_ses-V1_M2_run-1_T1w.anat/T1_orig
/data/output/habib/processed/CFTY720D2201E2/sub-zpqU2whM95/ses-V1_M2/anat/sub-zpqU2whM95_ses-V1_M2_run-1_T1w.anat/T1_orig
/data/output/habib/processed/CFTY720D2201E2/sub-zXwWE4Xh7K/ses-V1_M2/anat/sub-zXwWE4Xh7K_ses-V1_M2_run-1_T1w.anat/T1_orig

Finished. To view, point your web browser at
file:/data/output/habib/processed/CFTY720D2201E2/QC/QC_T12D_raw/slicesdir/index.html
