=========== fov Images T13D ===============
From: /data/output/habib/processed/CFTY720D2201E2/*/*/anat/*_*_acq-3d_run-*_T1w.anat/
To: /data/output/habib/processed/CFTY720D2201E2/QC/QC_T13D_fov
-------------------------------------------------------
/data/output/habib/processed/CFTY720D2201E2/sub-0wsPQK5lY6/ses-V1_M1/anat/sub-0wsPQK5lY6_ses-V1_M1_acq-3d_run-1_T1w.anat/T1_fullfov
/data/output/habib/processed/CFTY720D2201E2/sub-0wsPQK5lY6/ses-V1_M2/anat/sub-0wsPQK5lY6_ses-V1_M2_acq-3d_run-1_T1w.anat/T1_fullfov
/data/output/habib/processed/CFTY720D2201E2/sub-183o7a9Kuv/ses-V1_M2/anat/sub-183o7a9Kuv_ses-V1_M2_acq-3d_run-1_T1w.anat/T1_fullfov
/data/output/habib/processed/CFTY720D2201E2/sub-1cZUhu0QDr/ses-V1_M2/anat/sub-1cZUhu0QDr_ses-V1_M2_acq-3d_run-1_T1w.anat/T1_fullfov
/data/output/habib/processed/CFTY720D2201E2/sub-1driL0OzyP/ses-V1_M2/anat/sub-1driL0OzyP_ses-V1_M2_acq-3d_run-1_T1w.anat/T1_fullfov
/data/output/habib/processed/CFTY720D2201E2/sub-1jE8YizEvR/ses-V1_M1/anat/sub-1jE8YizEvR_ses-V1_M1_acq-3d_run-1_T1w.anat/T1_fullfov
/data/output/habib/processed/CFTY720D2201E2/sub-1oymr0VERy/ses-V1_M2/anat/sub-1oymr0VERy_ses-V1_M2_acq-3d_run-1_T1w.anat/T1_fullfov
/data/output/habib/processed/CFTY720D2201E2/sub-1PxKo6JX7C/ses-V1_M2/anat/sub-1PxKo6JX7C_ses-V1_M2_acq-3d_run-1_T1w.anat/T1_fullfov
/data/output/habib/processed/CFTY720D2201E2/sub-2okKlAKGz7/ses-V1_M2/anat/sub-2okKlAKGz7_ses-V1_M2_acq-3d_run-1_T1w.anat/T1_fullfov
/data/output/habib/processed/CFTY720D2201E2/sub-3F8MbRMFA7/ses-V1_M2/anat/sub-3F8MbRMFA7_ses-V1_M2_acq-3d_run-1_T1w.anat/T1_fullfov
/data/output/habib/processed/CFTY720D2201E2/sub-3LfnLr4zCi/ses-V1_M2/anat/sub-3LfnLr4zCi_ses-V1_M2_acq-3d_run-1_T1w.anat/T1_fullfov
/data/output/habib/processed/CFTY720D2201E2/sub-3ysKTMARIM/ses-V1_M2/anat/sub-3ysKTMARIM_ses-V1_M2_acq-3d_run-1_T1w.anat/T1_fullfov
/data/output/habib/processed/CFTY720D2201E2/sub-3ZRFEERndi/ses-V1_M2/anat/sub-3ZRFEERndi_ses-V1_M2_acq-3d_run-1_T1w.anat/T1_fullfov
/data/output/habib/processed/CFTY720D2201E2/sub-4EaWtGpT5c/ses-V1_M2/anat/sub-4EaWtGpT5c_ses-V1_M2_acq-3d_run-1_T1w.anat/T1_fullfov
/data/output/habib/processed/CFTY720D2201E2/sub-5Plsjvb43n/ses-V1.01_M2/anat/sub-5Plsjvb43n_ses-V1.01_M2_acq-3d_run-1_T1w.anat/T1_fullfov
/data/output/habib/processed/CFTY720D2201E2/sub-5Plsjvb43n/ses-V1_M2/anat/sub-5Plsjvb43n_ses-V1_M2_acq-3d_run-1_T1w.anat/T1_fullfov
/data/output/habib/processed/CFTY720D2201E2/sub-62XyHhP36E/ses-V1_M2/anat/sub-62XyHhP36E_ses-V1_M2_acq-3d_run-1_T1w.anat/T1_fullfov
/data/output/habib/processed/CFTY720D2201E2/sub-6jW6DQ3vXt/ses-V1.01_M2/anat/sub-6jW6DQ3vXt_ses-V1.01_M2_acq-3d_run-1_T1w.anat/T1_fullfov
/data/output/habib/processed/CFTY720D2201E2/sub-6jW6DQ3vXt/ses-V1_M2/anat/sub-6jW6DQ3vXt_ses-V1_M2_acq-3d_run-1_T1w.anat/T1_fullfov
/data/output/habib/processed/CFTY720D2201E2/sub-6tB8gfR6aS/ses-V1_M2/anat/sub-6tB8gfR6aS_ses-V1_M2_acq-3d_run-1_T1w.anat/T1_fullfov
/data/output/habib/processed/CFTY720D2201E2/sub-7OGonGEGfU/ses-V1_M2/anat/sub-7OGonGEGfU_ses-V1_M2_acq-3d_run-1_T1w.anat/T1_fullfov
/data/output/habib/processed/CFTY720D2201E2/sub-8gyU01o87r/ses-V1_M2/anat/sub-8gyU01o87r_ses-V1_M2_acq-3d_run-1_T1w.anat/T1_fullfov
/data/output/habib/processed/CFTY720D2201E2/sub-8kU1D4rAjX/ses-V1.01_M1/anat/sub-8kU1D4rAjX_ses-V1.01_M1_acq-3d_run-1_T1w.anat/T1_fullfov
/data/output/habib/processed/CFTY720D2201E2/sub-8kU1D4rAjX/ses-V1_M1/anat/sub-8kU1D4rAjX_ses-V1_M1_acq-3d_run-1_T1w.anat/T1_fullfov
/data/output/habib/processed/CFTY720D2201E2/sub-8XXXz2so7P/ses-V1_M2/anat/sub-8XXXz2so7P_ses-V1_M2_acq-3d_run-1_T1w.anat/T1_fullfov
/data/output/habib/processed/CFTY720D2201E2/sub-93vDkHM1z1/ses-V1_M2/anat/sub-93vDkHM1z1_ses-V1_M2_acq-3d_run-1_T1w.anat/T1_fullfov
/data/output/habib/processed/CFTY720D2201E2/sub-Adsp3z2dkZ/ses-V1_M2/anat/sub-Adsp3z2dkZ_ses-V1_M2_acq-3d_run-1_T1w.anat/T1_fullfov
/data/output/habib/processed/CFTY720D2201E2/sub-AIq29wodUy/ses-V1.01_M2/anat/sub-AIq29wodUy_ses-V1.01_M2_acq-3d_run-1_T1w.anat/T1_fullfov
/data/output/habib/processed/CFTY720D2201E2/sub-AIq29wodUy/ses-V1_M2/anat/sub-AIq29wodUy_ses-V1_M2_acq-3d_run-1_T1w.anat/T1_fullfov
/data/output/habib/processed/CFTY720D2201E2/sub-AjbJmVG3AM/ses-V1_M2/anat/sub-AjbJmVG3AM_ses-V1_M2_acq-3d_run-1_T1w.anat/T1_fullfov
/data/output/habib/processed/CFTY720D2201E2/sub-aK6KcbXeDJ/ses-V1_M2/anat/sub-aK6KcbXeDJ_ses-V1_M2_acq-3d_run-1_T1w.anat/T1_fullfov
/data/output/habib/processed/CFTY720D2201E2/sub-aTmqaiEA0T/ses-V1_M2/anat/sub-aTmqaiEA0T_ses-V1_M2_acq-3d_run-1_T1w.anat/T1_fullfov
/data/output/habib/processed/CFTY720D2201E2/sub-AWKJltpJAr/ses-V1_M1/anat/sub-AWKJltpJAr_ses-V1_M1_acq-3d_run-1_T1w.anat/T1_fullfov
