=========== linreg Images T13D ===============
From: /data/output/habib/processed/CFTY720D2201E2/*/*/anat/*_*_acq-3d_run-*_T1w.anat/
To: /data/output/habib/processed/CFTY720D2201E2/QC/QC_T13D_linreg
-------------------------------------------------------
/data/output/habib/processed/CFTY720D2201E2/sub-0wsPQK5lY6/ses-V1_M1/anat/sub-0wsPQK5lY6_ses-V1_M1_acq-3d_run-1_T1w.anat/T1_to_MNI_lin
/data/output/habib/processed/CFTY720D2201E2/sub-0wsPQK5lY6/ses-V1_M2/anat/sub-0wsPQK5lY6_ses-V1_M2_acq-3d_run-1_T1w.anat/T1_to_MNI_lin
/data/output/habib/processed/CFTY720D2201E2/sub-183o7a9Kuv/ses-V1_M2/anat/sub-183o7a9Kuv_ses-V1_M2_acq-3d_run-1_T1w.anat/T1_to_MNI_lin
/data/output/habib/processed/CFTY720D2201E2/sub-1cZUhu0QDr/ses-V1_M2/anat/sub-1cZUhu0QDr_ses-V1_M2_acq-3d_run-1_T1w.anat/T1_to_MNI_lin
/data/output/habib/processed/CFTY720D2201E2/sub-1driL0OzyP/ses-V1_M2/anat/sub-1driL0OzyP_ses-V1_M2_acq-3d_run-1_T1w.anat/T1_to_MNI_lin
/data/output/habib/processed/CFTY720D2201E2/sub-1jE8YizEvR/ses-V1_M1/anat/sub-1jE8YizEvR_ses-V1_M1_acq-3d_run-1_T1w.anat/T1_to_MNI_lin
/data/output/habib/processed/CFTY720D2201E2/sub-1oymr0VERy/ses-V1_M2/anat/sub-1oymr0VERy_ses-V1_M2_acq-3d_run-1_T1w.anat/T1_to_MNI_lin
/data/output/habib/processed/CFTY720D2201E2/sub-1PxKo6JX7C/ses-V1_M2/anat/sub-1PxKo6JX7C_ses-V1_M2_acq-3d_run-1_T1w.anat/T1_to_MNI_lin
/data/output/habib/processed/CFTY720D2201E2/sub-2okKlAKGz7/ses-V1_M2/anat/sub-2okKlAKGz7_ses-V1_M2_acq-3d_run-1_T1w.anat/T1_to_MNI_lin
/data/output/habib/processed/CFTY720D2201E2/sub-3F8MbRMFA7/ses-V1_M2/anat/sub-3F8MbRMFA7_ses-V1_M2_acq-3d_run-1_T1w.anat/T1_to_MNI_lin
/data/output/habib/processed/CFTY720D2201E2/sub-3LfnLr4zCi/ses-V1_M2/anat/sub-3LfnLr4zCi_ses-V1_M2_acq-3d_run-1_T1w.anat/T1_to_MNI_lin
/data/output/habib/processed/CFTY720D2201E2/sub-3ysKTMARIM/ses-V1_M2/anat/sub-3ysKTMARIM_ses-V1_M2_acq-3d_run-1_T1w.anat/T1_to_MNI_lin
/data/output/habib/processed/CFTY720D2201E2/sub-3ZRFEERndi/ses-V1_M2/anat/sub-3ZRFEERndi_ses-V1_M2_acq-3d_run-1_T1w.anat/T1_to_MNI_lin
/data/output/habib/processed/CFTY720D2201E2/sub-4EaWtGpT5c/ses-V1_M2/anat/sub-4EaWtGpT5c_ses-V1_M2_acq-3d_run-1_T1w.anat/T1_to_MNI_lin
/data/output/habib/processed/CFTY720D2201E2/sub-5Plsjvb43n/ses-V1.01_M2/anat/sub-5Plsjvb43n_ses-V1.01_M2_acq-3d_run-1_T1w.anat/T1_to_MNI_lin
/data/output/habib/processed/CFTY720D2201E2/sub-5Plsjvb43n/ses-V1_M2/anat/sub-5Plsjvb43n_ses-V1_M2_acq-3d_run-1_T1w.anat/T1_to_MNI_lin
/data/output/habib/processed/CFTY720D2201E2/sub-62XyHhP36E/ses-V1_M2/anat/sub-62XyHhP36E_ses-V1_M2_acq-3d_run-1_T1w.anat/T1_to_MNI_lin
/data/output/habib/processed/CFTY720D2201E2/sub-6jW6DQ3vXt/ses-V1.01_M2/anat/sub-6jW6DQ3vXt_ses-V1.01_M2_acq-3d_run-1_T1w.anat/T1_to_MNI_lin
/data/output/habib/processed/CFTY720D2201E2/sub-6jW6DQ3vXt/ses-V1_M2/anat/sub-6jW6DQ3vXt_ses-V1_M2_acq-3d_run-1_T1w.anat/T1_to_MNI_lin
/data/output/habib/processed/CFTY720D2201E2/sub-6tB8gfR6aS/ses-V1_M2/anat/sub-6tB8gfR6aS_ses-V1_M2_acq-3d_run-1_T1w.anat/T1_to_MNI_lin
/data/output/habib/processed/CFTY720D2201E2/sub-7OGonGEGfU/ses-V1_M2/anat/sub-7OGonGEGfU_ses-V1_M2_acq-3d_run-1_T1w.anat/T1_to_MNI_lin
/data/output/habib/processed/CFTY720D2201E2/sub-8gyU01o87r/ses-V1_M2/anat/sub-8gyU01o87r_ses-V1_M2_acq-3d_run-1_T1w.anat/T1_to_MNI_lin
/data/output/habib/processed/CFTY720D2201E2/sub-8kU1D4rAjX/ses-V1.01_M1/anat/sub-8kU1D4rAjX_ses-V1.01_M1_acq-3d_run-1_T1w.anat/T1_to_MNI_lin
/data/output/habib/processed/CFTY720D2201E2/sub-8kU1D4rAjX/ses-V1_M1/anat/sub-8kU1D4rAjX_ses-V1_M1_acq-3d_run-1_T1w.anat/T1_to_MNI_lin
/data/output/habib/processed/CFTY720D2201E2/sub-8XXXz2so7P/ses-V1_M2/anat/sub-8XXXz2so7P_ses-V1_M2_acq-3d_run-1_T1w.anat/T1_to_MNI_lin
/data/output/habib/processed/CFTY720D2201E2/sub-93vDkHM1z1/ses-V1_M2/anat/sub-93vDkHM1z1_ses-V1_M2_acq-3d_run-1_T1w.anat/T1_to_MNI_lin
/data/output/habib/processed/CFTY720D2201E2/sub-Adsp3z2dkZ/ses-V1_M2/anat/sub-Adsp3z2dkZ_ses-V1_M2_acq-3d_run-1_T1w.anat/T1_to_MNI_lin
/data/output/habib/processed/CFTY720D2201E2/sub-AIq29wodUy/ses-V1.01_M2/anat/sub-AIq29wodUy_ses-V1.01_M2_acq-3d_run-1_T1w.anat/T1_to_MNI_lin
/data/output/habib/processed/CFTY720D2201E2/sub-AIq29wodUy/ses-V1_M2/anat/sub-AIq29wodUy_ses-V1_M2_acq-3d_run-1_T1w.anat/T1_to_MNI_lin
/data/output/habib/processed/CFTY720D2201E2/sub-AjbJmVG3AM/ses-V1_M2/anat/sub-AjbJmVG3AM_ses-V1_M2_acq-3d_run-1_T1w.anat/T1_to_MNI_lin
/data/output/habib/processed/CFTY720D2201E2/sub-aK6KcbXeDJ/ses-V1_M2/anat/sub-aK6KcbXeDJ_ses-V1_M2_acq-3d_run-1_T1w.anat/T1_to_MNI_lin
/data/output/habib/processed/CFTY720D2201E2/sub-aTmqaiEA0T/ses-V1_M2/anat/sub-aTmqaiEA0T_ses-V1_M2_acq-3d_run-1_T1w.anat/T1_to_MNI_lin
/data/output/habib/processed/CFTY720D2201E2/sub-AWKJltpJAr/ses-V1_M1/anat/sub-AWKJltpJAr_ses-V1_M1_acq-3d_run-1_T1w.anat/T1_to_MNI_lin
/data/output/habib/processed/CFTY720D2201E2/sub-AWKJltpJAr/ses-V1_M2/anat/sub-AWKJltpJAr_ses-V1_M2_acq-3d_run-1_T1w.anat/T1_to_MNI_lin
/data/output/habib/processed/CFTY720D2201E2/sub-AXsiAWCUtl/ses-V1_M2/anat/sub-AXsiAWCUtl_ses-V1_M2_acq-3d_run-1_T1w.anat/T1_to_MNI_lin
/data/output/habib/processed/CFTY720D2201E2/sub-BDcv7cyMNm/ses-V1_M2/anat/sub-BDcv7cyMNm_ses-V1_M2_acq-3d_run-1_T1w.anat/T1_to_MNI_lin
/data/output/habib/processed/CFTY720D2201E2/sub-bEFWdUNnHx/ses-V1_M2/anat/sub-bEFWdUNnHx_ses-V1_M2_acq-3d_run-1_T1w.anat/T1_to_MNI_lin
/data/output/habib/processed/CFTY720D2201E2/sub-bGsqZL33YQ/ses-V1_M2/anat/sub-bGsqZL33YQ_ses-V1_M2_acq-3d_run-1_T1w.anat/T1_to_MNI_lin
/data/output/habib/processed/CFTY720D2201E2/sub-bkWjbEeAx0/ses-V1_M2/anat/sub-bkWjbEeAx0_ses-V1_M2_acq-3d_run-1_T1w.anat/T1_to_MNI_lin
/data/output/habib/processed/CFTY720D2201E2/sub-BrxHKjSwFP/ses-V1_M2/anat/sub-BrxHKjSwFP_ses-V1_M2_acq-3d_run-1_T1w.anat/T1_to_MNI_lin
/data/output/habib/processed/CFTY720D2201E2/sub-bzLDnf6FLm/ses-V1_M2/anat/sub-bzLDnf6FLm_ses-V1_M2_acq-3d_run-1_T1w.anat/T1_to_MNI_lin
/data/output/habib/processed/CFTY720D2201E2/sub-cC6cmxcFxq/ses-V1_M2/anat/sub-cC6cmxcFxq_ses-V1_M2_acq-3d_run-1_T1w.anat/T1_to_MNI_lin
/data/output/habib/processed/CFTY720D2201E2/sub-CHnsWQ5U0V/ses-V1_M2/anat/sub-CHnsWQ5U0V_ses-V1_M2_acq-3d_run-1_T1w.anat/T1_to_MNI_lin
/data/output/habib/processed/CFTY720D2201E2/sub-cYoFB2TZCh/ses-V1_M2/anat/sub-cYoFB2TZCh_ses-V1_M2_acq-3d_run-1_T1w.anat/T1_to_MNI_lin
/data/output/habib/processed/CFTY720D2201E2/sub-d4jTYpPetv/ses-V1_M2/anat/sub-d4jTYpPetv_ses-V1_M2_acq-3d_run-1_T1w.anat/T1_to_MNI_lin
/data/output/habib/processed/CFTY720D2201E2/sub-Dc8BYXTCIh/ses-V1_M2/anat/sub-Dc8BYXTCIh_ses-V1_M2_acq-3d_run-1_T1w.anat/T1_to_MNI_lin
/data/output/habib/processed/CFTY720D2201E2/sub-dHXst5zRSH/ses-V1_M2/anat/sub-dHXst5zRSH_ses-V1_M2_acq-3d_run-1_T1w.anat/T1_to_MNI_lin
/data/output/habib/processed/CFTY720D2201E2/sub-e7ZrbSjN0I/ses-V1_M2/anat/sub-e7ZrbSjN0I_ses-V1_M2_acq-3d_run-1_T1w.anat/T1_to_MNI_lin
/data/output/habib/processed/CFTY720D2201E2/sub-eauHrpWnAJ/ses-V1_M2/anat/sub-eauHrpWnAJ_ses-V1_M2_acq-3d_run-1_T1w.anat/T1_to_MNI_lin
/data/output/habib/processed/CFTY720D2201E2/sub-eHqHFCMMeh/ses-V1_M2/anat/sub-eHqHFCMMeh_ses-V1_M2_acq-3d_run-1_T1w.anat/T1_to_MNI_lin
/data/output/habib/processed/CFTY720D2201E2/sub-EKSoAdvtyE/ses-V1_M2/anat/sub-EKSoAdvtyE_ses-V1_M2_acq-3d_run-1_T1w.anat/T1_to_MNI_lin
/data/output/habib/processed/CFTY720D2201E2/sub-epUYK5DusE/ses-V1_M2/anat/sub-epUYK5DusE_ses-V1_M2_acq-3d_run-1_T1w.anat/T1_to_MNI_lin
/data/output/habib/processed/CFTY720D2201E2/sub-eViLhPpvW6/ses-V1_M2/anat/sub-eViLhPpvW6_ses-V1_M2_acq-3d_run-1_T1w.anat/T1_to_MNI_lin
/data/output/habib/processed/CFTY720D2201E2/sub-f9MJEP96ID/ses-V1_M2/anat/sub-f9MJEP96ID_ses-V1_M2_acq-3d_run-1_T1w.anat/T1_to_MNI_lin
/data/output/habib/processed/CFTY720D2201E2/sub-FaCb1A2zSM/ses-V1_M2/anat/sub-FaCb1A2zSM_ses-V1_M2_acq-3d_run-1_T1w.anat/T1_to_MNI_lin
/data/output/habib/processed/CFTY720D2201E2/sub-fn320z27It/ses-V1_M2/anat/sub-fn320z27It_ses-V1_M2_acq-3d_run-1_T1w.anat/T1_to_MNI_lin
/data/output/habib/processed/CFTY720D2201E2/sub-FNHDGLF3w2/ses-V1_M2/anat/sub-FNHDGLF3w2_ses-V1_M2_acq-3d_run-1_T1w.anat/T1_to_MNI_lin
/data/output/habib/processed/CFTY720D2201E2/sub-FS5cr8mHbm/ses-V1_M2/anat/sub-FS5cr8mHbm_ses-V1_M2_acq-3d_run-1_T1w.anat/T1_to_MNI_lin
/data/output/habib/processed/CFTY720D2201E2/sub-g5IEVBVXki/ses-V1_M2/anat/sub-g5IEVBVXki_ses-V1_M2_acq-3d_run-1_T1w.anat/T1_to_MNI_lin
/data/output/habib/processed/CFTY720D2201E2/sub-g5NRtAIJ6P/ses-V1_M2/anat/sub-g5NRtAIJ6P_ses-V1_M2_acq-3d_run-1_T1w.anat/T1_to_MNI_lin
/data/output/habib/processed/CFTY720D2201E2/sub-gJ7H4KPkUE/ses-V1_M2/anat/sub-gJ7H4KPkUE_ses-V1_M2_acq-3d_run-1_T1w.anat/T1_to_MNI_lin
/data/output/habib/processed/CFTY720D2201E2/sub-heUVKhoKoP/ses-V1_M2/anat/sub-heUVKhoKoP_ses-V1_M2_acq-3d_run-1_T1w.anat/T1_to_MNI_lin
/data/output/habib/processed/CFTY720D2201E2/sub-hjtkVnYcrP/ses-V1_M2/anat/sub-hjtkVnYcrP_ses-V1_M2_acq-3d_run-1_T1w.anat/T1_to_MNI_lin
/data/output/habib/processed/CFTY720D2201E2/sub-hmlRGl2yWk/ses-V1_M2/anat/sub-hmlRGl2yWk_ses-V1_M2_acq-3d_run-1_T1w.anat/T1_to_MNI_lin
/data/output/habib/processed/CFTY720D2201E2/sub-HOZjFjkTIc/ses-V1_M2/anat/sub-HOZjFjkTIc_ses-V1_M2_acq-3d_run-1_T1w.anat/T1_to_MNI_lin
/data/output/habib/processed/CFTY720D2201E2/sub-HQe6QkUJMN/ses-V1_M2/anat/sub-HQe6QkUJMN_ses-V1_M2_acq-3d_run-1_T1w.anat/T1_to_MNI_lin
/data/output/habib/processed/CFTY720D2201E2/sub-hVJ1uYUQZf/ses-V1_M1/anat/sub-hVJ1uYUQZf_ses-V1_M1_acq-3d_run-1_T1w.anat/T1_to_MNI_lin
/data/output/habib/processed/CFTY720D2201E2/sub-hVJ1uYUQZf/ses-V1_M2/anat/sub-hVJ1uYUQZf_ses-V1_M2_acq-3d_run-1_T1w.anat/T1_to_MNI_lin
/data/output/habib/processed/CFTY720D2201E2/sub-hZNcmMQcIi/ses-V1_M2/anat/sub-hZNcmMQcIi_ses-V1_M2_acq-3d_run-1_T1w.anat/T1_to_MNI_lin
/data/output/habib/processed/CFTY720D2201E2/sub-J7FP2iMtwa/ses-V1_M2/anat/sub-J7FP2iMtwa_ses-V1_M2_acq-3d_run-1_T1w.anat/T1_to_MNI_lin
/data/output/habib/processed/CFTY720D2201E2/sub-jRpbervwpL/ses-V1_M2/anat/sub-jRpbervwpL_ses-V1_M2_acq-3d_run-1_T1w.anat/T1_to_MNI_lin
/data/output/habib/processed/CFTY720D2201E2/sub-k7JOykiSxP/ses-V1_M2/anat/sub-k7JOykiSxP_ses-V1_M2_acq-3d_run-1_T1w.anat/T1_to_MNI_lin
/data/output/habib/processed/CFTY720D2201E2/sub-KCeujyU2JU/ses-V1_M2/anat/sub-KCeujyU2JU_ses-V1_M2_acq-3d_run-1_T1w.anat/T1_to_MNI_lin
/data/output/habib/processed/CFTY720D2201E2/sub-kGCzkFEb4Z/ses-V1_M1/anat/sub-kGCzkFEb4Z_ses-V1_M1_acq-3d_run-1_T1w.anat/T1_to_MNI_lin
/data/output/habib/processed/CFTY720D2201E2/sub-kGCzkFEb4Z/ses-V1_M2/anat/sub-kGCzkFEb4Z_ses-V1_M2_acq-3d_run-1_T1w.anat/T1_to_MNI_lin
/data/output/habib/processed/CFTY720D2201E2/sub-KkLRZqUwCd/ses-V1_M1/anat/sub-KkLRZqUwCd_ses-V1_M1_acq-3d_run-1_T1w.anat/T1_to_MNI_lin
/data/output/habib/processed/CFTY720D2201E2/sub-KkLRZqUwCd/ses-V1_M2/anat/sub-KkLRZqUwCd_ses-V1_M2_acq-3d_run-1_T1w.anat/T1_to_MNI_lin
/data/output/habib/processed/CFTY720D2201E2/sub-kVCNLHqwCs/ses-V1_M2/anat/sub-kVCNLHqwCs_ses-V1_M2_acq-3d_run-1_T1w.anat/T1_to_MNI_lin
/data/output/habib/processed/CFTY720D2201E2/sub-LctdSePQA7/ses-V1_M2/anat/sub-LctdSePQA7_ses-V1_M2_acq-3d_run-1_T1w.anat/T1_to_MNI_lin
/data/output/habib/processed/CFTY720D2201E2/sub-ldiDvNJXlX/ses-V1_M2/anat/sub-ldiDvNJXlX_ses-V1_M2_acq-3d_run-1_T1w.anat/T1_to_MNI_lin
/data/output/habib/processed/CFTY720D2201E2/sub-LjN4t7jE1c/ses-V1_M2/anat/sub-LjN4t7jE1c_ses-V1_M2_acq-3d_run-1_T1w.anat/T1_to_MNI_lin
/data/output/habib/processed/CFTY720D2201E2/sub-lM6rbvQYTh/ses-V1_M2/anat/sub-lM6rbvQYTh_ses-V1_M2_acq-3d_run-1_T1w.anat/T1_to_MNI_lin
/data/output/habib/processed/CFTY720D2201E2/sub-lnfaKRcpTc/ses-V1_M1/anat/sub-lnfaKRcpTc_ses-V1_M1_acq-3d_run-1_T1w.anat/T1_to_MNI_lin
/data/output/habib/processed/CFTY720D2201E2/sub-lnfaKRcpTc/ses-V1_M2/anat/sub-lnfaKRcpTc_ses-V1_M2_acq-3d_run-1_T1w.anat/T1_to_MNI_lin
/data/output/habib/processed/CFTY720D2201E2/sub-Lxf0rhPHSG/ses-V1_M2/anat/sub-Lxf0rhPHSG_ses-V1_M2_acq-3d_run-1_T1w.anat/T1_to_MNI_lin
/data/output/habib/processed/CFTY720D2201E2/sub-MAkdaUQagM/ses-V1_M1/anat/sub-MAkdaUQagM_ses-V1_M1_acq-3d_run-1_T1w.anat/T1_to_MNI_lin
/data/output/habib/processed/CFTY720D2201E2/sub-mCp9oNunud/ses-V1_M2/anat/sub-mCp9oNunud_ses-V1_M2_acq-3d_run-1_T1w.anat/T1_to_MNI_lin
/data/output/habib/processed/CFTY720D2201E2/sub-mkhH4qzXgl/ses-V1_M2/anat/sub-mkhH4qzXgl_ses-V1_M2_acq-3d_run-1_T1w.anat/T1_to_MNI_lin
/data/output/habib/processed/CFTY720D2201E2/sub-N9Rk1urm0f/ses-V1_M2/anat/sub-N9Rk1urm0f_ses-V1_M2_acq-3d_run-1_T1w.anat/T1_to_MNI_lin
/data/output/habib/processed/CFTY720D2201E2/sub-nCC2h12HlX/ses-V1_M2/anat/sub-nCC2h12HlX_ses-V1_M2_acq-3d_run-1_T1w.anat/T1_to_MNI_lin
/data/output/habib/processed/CFTY720D2201E2/sub-NCOU1FQJyt/ses-V1.01_M2/anat/sub-NCOU1FQJyt_ses-V1.01_M2_acq-3d_run-1_T1w.anat/T1_to_MNI_lin
/data/output/habib/processed/CFTY720D2201E2/sub-ngKqGjSso3/ses-V1_M2/anat/sub-ngKqGjSso3_ses-V1_M2_acq-3d_run-1_T1w.anat/T1_to_MNI_lin
/data/output/habib/processed/CFTY720D2201E2/sub-NjTJUAQoOi/ses-V1_M2/anat/sub-NjTJUAQoOi_ses-V1_M2_acq-3d_run-1_T1w.anat/T1_to_MNI_lin
/data/output/habib/processed/CFTY720D2201E2/sub-nMZyZlAlz1/ses-V1_M2/anat/sub-nMZyZlAlz1_ses-V1_M2_acq-3d_run-1_T1w.anat/T1_to_MNI_lin
/data/output/habib/processed/CFTY720D2201E2/sub-O8MoWwbZBk/ses-V1_M1/anat/sub-O8MoWwbZBk_ses-V1_M1_acq-3d_run-1_T1w.anat/T1_to_MNI_lin
/data/output/habib/processed/CFTY720D2201E2/sub-O8MoWwbZBk/ses-V1_M2/anat/sub-O8MoWwbZBk_ses-V1_M2_acq-3d_run-1_T1w.anat/T1_to_MNI_lin
/data/output/habib/processed/CFTY720D2201E2/sub-ODw2kz4nnO/ses-V1_M2/anat/sub-ODw2kz4nnO_ses-V1_M2_acq-3d_run-1_T1w.anat/T1_to_MNI_lin
/data/output/habib/processed/CFTY720D2201E2/sub-ofUCkf0WXb/ses-V1_M2/anat/sub-ofUCkf0WXb_ses-V1_M2_acq-3d_run-1_T1w.anat/T1_to_MNI_lin
