=========== reg Images T12D ===============
From: /data/output/habib/processed/CFTY720D2201E2/*/*/anat/*_*_run-*_T1w.anat/
To: /data/output/habib/processed/CFTY720D2201E2/QC/QC_T12D_reg
-------------------------------------------------------
/data/output/habib/processed/CFTY720D2201E2/sub-0wsPQK5lY6/ses-V1_M1/anat/sub-0wsPQK5lY6_ses-V1_M1_acq-3d_run-1_T1w.anat/T1_to_MNI_nonlin
/data/output/habib/processed/CFTY720D2201E2/sub-0wsPQK5lY6/ses-V1_M1/anat/sub-0wsPQK5lY6_ses-V1_M1_run-1_T1w.anat/T1_to_MNI_nonlin
/data/output/habib/processed/CFTY720D2201E2/sub-0wsPQK5lY6/ses-V1_M2/anat/sub-0wsPQK5lY6_ses-V1_M2_acq-3d_run-1_T1w.anat/T1_to_MNI_nonlin
/data/output/habib/processed/CFTY720D2201E2/sub-0wsPQK5lY6/ses-V1_M2/anat/sub-0wsPQK5lY6_ses-V1_M2_run-1_T1w.anat/T1_to_MNI_nonlin
/data/output/habib/processed/CFTY720D2201E2/sub-183o7a9Kuv/ses-V1_M2/anat/sub-183o7a9Kuv_ses-V1_M2_acq-3d_run-1_T1w.anat/T1_to_MNI_nonlin
/data/output/habib/processed/CFTY720D2201E2/sub-183o7a9Kuv/ses-V1_M2/anat/sub-183o7a9Kuv_ses-V1_M2_run-1_T1w.anat/T1_to_MNI_nonlin
/data/output/habib/processed/CFTY720D2201E2/sub-1cZUhu0QDr/ses-V1_M2/anat/sub-1cZUhu0QDr_ses-V1_M2_acq-3d_run-1_T1w.anat/T1_to_MNI_nonlin
/data/output/habib/processed/CFTY720D2201E2/sub-1cZUhu0QDr/ses-V1_M2/anat/sub-1cZUhu0QDr_ses-V1_M2_run-1_T1w.anat/T1_to_MNI_nonlin
/data/output/habib/processed/CFTY720D2201E2/sub-1driL0OzyP/ses-V1_M2/anat/sub-1driL0OzyP_ses-V1_M2_acq-3d_run-1_T1w.anat/T1_to_MNI_nonlin
/data/output/habib/processed/CFTY720D2201E2/sub-1driL0OzyP/ses-V1_M2/anat/sub-1driL0OzyP_ses-V1_M2_run-1_T1w.anat/T1_to_MNI_nonlin
/data/output/habib/processed/CFTY720D2201E2/sub-1jE8YizEvR/ses-V1_M1/anat/sub-1jE8YizEvR_ses-V1_M1_acq-3d_run-1_T1w.anat/T1_to_MNI_nonlin
/data/output/habib/processed/CFTY720D2201E2/sub-1jE8YizEvR/ses-V1_M1/anat/sub-1jE8YizEvR_ses-V1_M1_run-1_T1w.anat/T1_to_MNI_nonlin
/data/output/habib/processed/CFTY720D2201E2/sub-1oymr0VERy/ses-V1_M2/anat/sub-1oymr0VERy_ses-V1_M2_acq-3d_run-1_T1w.anat/T1_to_MNI_nonlin
/data/output/habib/processed/CFTY720D2201E2/sub-1oymr0VERy/ses-V1_M2/anat/sub-1oymr0VERy_ses-V1_M2_run-1_T1w.anat/T1_to_MNI_nonlin
/data/output/habib/processed/CFTY720D2201E2/sub-1PxKo6JX7C/ses-V1_M2/anat/sub-1PxKo6JX7C_ses-V1_M2_acq-3d_run-1_T1w.anat/T1_to_MNI_nonlin
/data/output/habib/processed/CFTY720D2201E2/sub-1PxKo6JX7C/ses-V1_M2/anat/sub-1PxKo6JX7C_ses-V1_M2_run-1_T1w.anat/T1_to_MNI_nonlin
/data/output/habib/processed/CFTY720D2201E2/sub-2okKlAKGz7/ses-V1_M2/anat/sub-2okKlAKGz7_ses-V1_M2_acq-3d_run-1_T1w.anat/T1_to_MNI_nonlin
/data/output/habib/processed/CFTY720D2201E2/sub-2okKlAKGz7/ses-V1_M2/anat/sub-2okKlAKGz7_ses-V1_M2_run-1_T1w.anat/T1_to_MNI_nonlin
/data/output/habib/processed/CFTY720D2201E2/sub-3F8MbRMFA7/ses-V1_M2/anat/sub-3F8MbRMFA7_ses-V1_M2_acq-3d_run-1_T1w.anat/T1_to_MNI_nonlin
/data/output/habib/processed/CFTY720D2201E2/sub-3F8MbRMFA7/ses-V1_M2/anat/sub-3F8MbRMFA7_ses-V1_M2_run-1_T1w.anat/T1_to_MNI_nonlin
/data/output/habib/processed/CFTY720D2201E2/sub-3LfnLr4zCi/ses-V1_M2/anat/sub-3LfnLr4zCi_ses-V1_M2_acq-3d_run-1_T1w.anat/T1_to_MNI_nonlin
/data/output/habib/processed/CFTY720D2201E2/sub-3LfnLr4zCi/ses-V1_M2/anat/sub-3LfnLr4zCi_ses-V1_M2_run-1_T1w.anat/T1_to_MNI_nonlin
/data/output/habib/processed/CFTY720D2201E2/sub-3ysKTMARIM/ses-V1_M2/anat/sub-3ysKTMARIM_ses-V1_M2_acq-3d_run-1_T1w.anat/T1_to_MNI_nonlin
/data/output/habib/processed/CFTY720D2201E2/sub-3ysKTMARIM/ses-V1_M2/anat/sub-3ysKTMARIM_ses-V1_M2_run-1_T1w.anat/T1_to_MNI_nonlin
/data/output/habib/processed/CFTY720D2201E2/sub-3ZRFEERndi/ses-V1_M2/anat/sub-3ZRFEERndi_ses-V1_M2_acq-3d_run-1_T1w.anat/T1_to_MNI_nonlin
/data/output/habib/processed/CFTY720D2201E2/sub-3ZRFEERndi/ses-V1_M2/anat/sub-3ZRFEERndi_ses-V1_M2_run-1_T1w.anat/T1_to_MNI_nonlin
/data/output/habib/processed/CFTY720D2201E2/sub-4EaWtGpT5c/ses-V1_M2/anat/sub-4EaWtGpT5c_ses-V1_M2_acq-3d_run-1_T1w.anat/T1_to_MNI_nonlin
/data/output/habib/processed/CFTY720D2201E2/sub-4EaWtGpT5c/ses-V1_M2/anat/sub-4EaWtGpT5c_ses-V1_M2_run-1_T1w.anat/T1_to_MNI_nonlin
/data/output/habib/processed/CFTY720D2201E2/sub-5Plsjvb43n/ses-V1.01_M2/anat/sub-5Plsjvb43n_ses-V1.01_M2_acq-3d_run-1_T1w.anat/T1_to_MNI_nonlin
/data/output/habib/processed/CFTY720D2201E2/sub-5Plsjvb43n/ses-V1.01_M2/anat/sub-5Plsjvb43n_ses-V1.01_M2_run-1_T1w.anat/T1_to_MNI_nonlin
/data/output/habib/processed/CFTY720D2201E2/sub-5Plsjvb43n/ses-V1_M2/anat/sub-5Plsjvb43n_ses-V1_M2_acq-3d_run-1_T1w.anat/T1_to_MNI_nonlin
/data/output/habib/processed/CFTY720D2201E2/sub-5Plsjvb43n/ses-V1_M2/anat/sub-5Plsjvb43n_ses-V1_M2_run-1_T1w.anat/T1_to_MNI_nonlin
/data/output/habib/processed/CFTY720D2201E2/sub-62XyHhP36E/ses-V1_M2/anat/sub-62XyHhP36E_ses-V1_M2_acq-3d_run-1_T1w.anat/T1_to_MNI_nonlin
/data/output/habib/processed/CFTY720D2201E2/sub-62XyHhP36E/ses-V1_M2/anat/sub-62XyHhP36E_ses-V1_M2_run-1_T1w.anat/T1_to_MNI_nonlin
/data/output/habib/processed/CFTY720D2201E2/sub-6jW6DQ3vXt/ses-V1.01_M2/anat/sub-6jW6DQ3vXt_ses-V1.01_M2_acq-3d_run-1_T1w.anat/T1_to_MNI_nonlin
/data/output/habib/processed/CFTY720D2201E2/sub-6jW6DQ3vXt/ses-V1.01_M2/anat/sub-6jW6DQ3vXt_ses-V1.01_M2_run-1_T1w.anat/T1_to_MNI_nonlin
/data/output/habib/processed/CFTY720D2201E2/sub-6jW6DQ3vXt/ses-V1_M2/anat/sub-6jW6DQ3vXt_ses-V1_M2_acq-3d_run-1_T1w.anat/T1_to_MNI_nonlin
/data/output/habib/processed/CFTY720D2201E2/sub-6jW6DQ3vXt/ses-V1_M2/anat/sub-6jW6DQ3vXt_ses-V1_M2_run-1_T1w.anat/T1_to_MNI_nonlin
/data/output/habib/processed/CFTY720D2201E2/sub-6tB8gfR6aS/ses-V1_M2/anat/sub-6tB8gfR6aS_ses-V1_M2_acq-3d_run-1_T1w.anat/T1_to_MNI_nonlin
/data/output/habib/processed/CFTY720D2201E2/sub-6tB8gfR6aS/ses-V1_M2/anat/sub-6tB8gfR6aS_ses-V1_M2_run-1_T1w.anat/T1_to_MNI_nonlin
/data/output/habib/processed/CFTY720D2201E2/sub-7OGonGEGfU/ses-V1_M2/anat/sub-7OGonGEGfU_ses-V1_M2_acq-3d_run-1_T1w.anat/T1_to_MNI_nonlin
/data/output/habib/processed/CFTY720D2201E2/sub-7OGonGEGfU/ses-V1_M2/anat/sub-7OGonGEGfU_ses-V1_M2_run-1_T1w.anat/T1_to_MNI_nonlin
/data/output/habib/processed/CFTY720D2201E2/sub-8gyU01o87r/ses-V1_M2/anat/sub-8gyU01o87r_ses-V1_M2_acq-3d_run-1_T1w.anat/T1_to_MNI_nonlin
/data/output/habib/processed/CFTY720D2201E2/sub-8gyU01o87r/ses-V1_M2/anat/sub-8gyU01o87r_ses-V1_M2_run-1_T1w.anat/T1_to_MNI_nonlin
/data/output/habib/processed/CFTY720D2201E2/sub-8kU1D4rAjX/ses-V1.01_M1/anat/sub-8kU1D4rAjX_ses-V1.01_M1_acq-3d_run-1_T1w.anat/T1_to_MNI_nonlin
/data/output/habib/processed/CFTY720D2201E2/sub-8kU1D4rAjX/ses-V1.01_M1/anat/sub-8kU1D4rAjX_ses-V1.01_M1_run-1_T1w.anat/T1_to_MNI_nonlin
/data/output/habib/processed/CFTY720D2201E2/sub-8kU1D4rAjX/ses-V1_M1/anat/sub-8kU1D4rAjX_ses-V1_M1_acq-3d_run-1_T1w.anat/T1_to_MNI_nonlin
/data/output/habib/processed/CFTY720D2201E2/sub-8XXXz2so7P/ses-V1_M2/anat/sub-8XXXz2so7P_ses-V1_M2_acq-3d_run-1_T1w.anat/T1_to_MNI_nonlin
/data/output/habib/processed/CFTY720D2201E2/sub-8XXXz2so7P/ses-V1_M2/anat/sub-8XXXz2so7P_ses-V1_M2_run-1_T1w.anat/T1_to_MNI_nonlin
/data/output/habib/processed/CFTY720D2201E2/sub-93vDkHM1z1/ses-V1_M2/anat/sub-93vDkHM1z1_ses-V1_M2_acq-3d_run-1_T1w.anat/T1_to_MNI_nonlin
/data/output/habib/processed/CFTY720D2201E2/sub-93vDkHM1z1/ses-V1_M2/anat/sub-93vDkHM1z1_ses-V1_M2_run-1_T1w.anat/T1_to_MNI_nonlin
/data/output/habib/processed/CFTY720D2201E2/sub-9FAJyB2lh1/ses-V1_M2/anat/sub-9FAJyB2lh1_ses-V1_M2_run-1_T1w.anat/T1_to_MNI_nonlin
/data/output/habib/processed/CFTY720D2201E2/sub-Adsp3z2dkZ/ses-V1_M2/anat/sub-Adsp3z2dkZ_ses-V1_M2_acq-3d_run-1_T1w.anat/T1_to_MNI_nonlin
/data/output/habib/processed/CFTY720D2201E2/sub-Adsp3z2dkZ/ses-V1_M2/anat/sub-Adsp3z2dkZ_ses-V1_M2_run-1_T1w.anat/T1_to_MNI_nonlin
/data/output/habib/processed/CFTY720D2201E2/sub-AIq29wodUy/ses-V1.01_M2/anat/sub-AIq29wodUy_ses-V1.01_M2_acq-3d_run-1_T1w.anat/T1_to_MNI_nonlin
/data/output/habib/processed/CFTY720D2201E2/sub-AIq29wodUy/ses-V1.01_M2/anat/sub-AIq29wodUy_ses-V1.01_M2_run-1_T1w.anat/T1_to_MNI_nonlin
/data/output/habib/processed/CFTY720D2201E2/sub-AIq29wodUy/ses-V1_M2/anat/sub-AIq29wodUy_ses-V1_M2_acq-3d_run-1_T1w.anat/T1_to_MNI_nonlin
/data/output/habib/processed/CFTY720D2201E2/sub-AjbJmVG3AM/ses-V1_M2/anat/sub-AjbJmVG3AM_ses-V1_M2_acq-3d_run-1_T1w.anat/T1_to_MNI_nonlin
/data/output/habib/processed/CFTY720D2201E2/sub-AjbJmVG3AM/ses-V1_M2/anat/sub-AjbJmVG3AM_ses-V1_M2_run-1_T1w.anat/T1_to_MNI_nonlin
/data/output/habib/processed/CFTY720D2201E2/sub-aK6KcbXeDJ/ses-V1_M2/anat/sub-aK6KcbXeDJ_ses-V1_M2_acq-3d_run-1_T1w.anat/T1_to_MNI_nonlin
/data/output/habib/processed/CFTY720D2201E2/sub-aK6KcbXeDJ/ses-V1_M2/anat/sub-aK6KcbXeDJ_ses-V1_M2_run-1_T1w.anat/T1_to_MNI_nonlin
/data/output/habib/processed/CFTY720D2201E2/sub-ALZfBG1cXs/ses-V1_M2/anat/sub-ALZfBG1cXs_ses-V1_M2_run-1_T1w.anat/T1_to_MNI_nonlin
/data/output/habib/processed/CFTY720D2201E2/sub-aTmqaiEA0T/ses-V1_M2/anat/sub-aTmqaiEA0T_ses-V1_M2_acq-3d_run-1_T1w.anat/T1_to_MNI_nonlin
/data/output/habib/processed/CFTY720D2201E2/sub-aTmqaiEA0T/ses-V1_M2/anat/sub-aTmqaiEA0T_ses-V1_M2_run-1_T1w.anat/T1_to_MNI_nonlin
/data/output/habib/processed/CFTY720D2201E2/sub-AWKJltpJAr/ses-V1_M1/anat/sub-AWKJltpJAr_ses-V1_M1_acq-3d_run-1_T1w.anat/T1_to_MNI_nonlin
/data/output/habib/processed/CFTY720D2201E2/sub-AWKJltpJAr/ses-V1_M1/anat/sub-AWKJltpJAr_ses-V1_M1_run-1_T1w.anat/T1_to_MNI_nonlin
/data/output/habib/processed/CFTY720D2201E2/sub-AWKJltpJAr/ses-V1_M2/anat/sub-AWKJltpJAr_ses-V1_M2_acq-3d_run-1_T1w.anat/T1_to_MNI_nonlin
/data/output/habib/processed/CFTY720D2201E2/sub-AWKJltpJAr/ses-V1_M2/anat/sub-AWKJltpJAr_ses-V1_M2_run-1_T1w.anat/T1_to_MNI_nonlin
/data/output/habib/processed/CFTY720D2201E2/sub-AXsiAWCUtl/ses-V1_M2/anat/sub-AXsiAWCUtl_ses-V1_M2_acq-3d_run-1_T1w.anat/T1_to_MNI_nonlin
/data/output/habib/processed/CFTY720D2201E2/sub-AXsiAWCUtl/ses-V1_M2/anat/sub-AXsiAWCUtl_ses-V1_M2_run-1_T1w.anat/T1_to_MNI_nonlin
/data/output/habib/processed/CFTY720D2201E2/sub-aY95Qw1ri4/ses-V1_M2/anat/sub-aY95Qw1ri4_ses-V1_M2_run-1_T1w.anat/T1_to_MNI_nonlin
/data/output/habib/processed/CFTY720D2201E2/sub-BDcv7cyMNm/ses-V1_M2/anat/sub-BDcv7cyMNm_ses-V1_M2_acq-3d_run-1_T1w.anat/T1_to_MNI_nonlin
/data/output/habib/processed/CFTY720D2201E2/sub-BDcv7cyMNm/ses-V1_M2/anat/sub-BDcv7cyMNm_ses-V1_M2_run-1_T1w.anat/T1_to_MNI_nonlin
/data/output/habib/processed/CFTY720D2201E2/sub-bEFWdUNnHx/ses-V1_M2/anat/sub-bEFWdUNnHx_ses-V1_M2_acq-3d_run-1_T1w.anat/T1_to_MNI_nonlin
/data/output/habib/processed/CFTY720D2201E2/sub-bEFWdUNnHx/ses-V1_M2/anat/sub-bEFWdUNnHx_ses-V1_M2_run-1_T1w.anat/T1_to_MNI_nonlin
/data/output/habib/processed/CFTY720D2201E2/sub-bGsqZL33YQ/ses-V1_M2/anat/sub-bGsqZL33YQ_ses-V1_M2_acq-3d_run-1_T1w.anat/T1_to_MNI_nonlin
/data/output/habib/processed/CFTY720D2201E2/sub-bGsqZL33YQ/ses-V1_M2/anat/sub-bGsqZL33YQ_ses-V1_M2_run-1_T1w.anat/T1_to_MNI_nonlin
/data/output/habib/processed/CFTY720D2201E2/sub-bkWjbEeAx0/ses-V1_M2/anat/sub-bkWjbEeAx0_ses-V1_M2_acq-3d_run-1_T1w.anat/T1_to_MNI_nonlin
/data/output/habib/processed/CFTY720D2201E2/sub-bkWjbEeAx0/ses-V1_M2/anat/sub-bkWjbEeAx0_ses-V1_M2_run-1_T1w.anat/T1_to_MNI_nonlin
/data/output/habib/processed/CFTY720D2201E2/sub-BrxHKjSwFP/ses-V1_M2/anat/sub-BrxHKjSwFP_ses-V1_M2_acq-3d_run-1_T1w.anat/T1_to_MNI_nonlin
/data/output/habib/processed/CFTY720D2201E2/sub-BrxHKjSwFP/ses-V1_M2/anat/sub-BrxHKjSwFP_ses-V1_M2_run-1_T1w.anat/T1_to_MNI_nonlin
/data/output/habib/processed/CFTY720D2201E2/sub-bzLDnf6FLm/ses-V1_M2/anat/sub-bzLDnf6FLm_ses-V1_M2_acq-3d_run-1_T1w.anat/T1_to_MNI_nonlin
/data/output/habib/processed/CFTY720D2201E2/sub-bzLDnf6FLm/ses-V1_M2/anat/sub-bzLDnf6FLm_ses-V1_M2_run-1_T1w.anat/T1_to_MNI_nonlin
/data/output/habib/processed/CFTY720D2201E2/sub-cC6cmxcFxq/ses-V1_M2/anat/sub-cC6cmxcFxq_ses-V1_M2_acq-3d_run-1_T1w.anat/T1_to_MNI_nonlin
/data/output/habib/processed/CFTY720D2201E2/sub-cC6cmxcFxq/ses-V1_M2/anat/sub-cC6cmxcFxq_ses-V1_M2_run-1_T1w.anat/T1_to_MNI_nonlin
/data/output/habib/processed/CFTY720D2201E2/sub-CHnsWQ5U0V/ses-V1_M2/anat/sub-CHnsWQ5U0V_ses-V1_M2_acq-3d_run-1_T1w.anat/T1_to_MNI_nonlin
/data/output/habib/processed/CFTY720D2201E2/sub-CHnsWQ5U0V/ses-V1_M2/anat/sub-CHnsWQ5U0V_ses-V1_M2_run-1_T1w.anat/T1_to_MNI_nonlin
/data/output/habib/processed/CFTY720D2201E2/sub-cYoFB2TZCh/ses-V1_M2/anat/sub-cYoFB2TZCh_ses-V1_M2_acq-3d_run-1_T1w.anat/T1_to_MNI_nonlin
/data/output/habib/processed/CFTY720D2201E2/sub-cYoFB2TZCh/ses-V1_M2/anat/sub-cYoFB2TZCh_ses-V1_M2_run-1_T1w.anat/T1_to_MNI_nonlin
/data/output/habib/processed/CFTY720D2201E2/sub-d4jTYpPetv/ses-V1_M2/anat/sub-d4jTYpPetv_ses-V1_M2_acq-3d_run-1_T1w.anat/T1_to_MNI_nonlin
/data/output/habib/processed/CFTY720D2201E2/sub-d4jTYpPetv/ses-V1_M2/anat/sub-d4jTYpPetv_ses-V1_M2_run-1_T1w.anat/T1_to_MNI_nonlin
/data/output/habib/processed/CFTY720D2201E2/sub-Dc8BYXTCIh/ses-V1_M2/anat/sub-Dc8BYXTCIh_ses-V1_M2_acq-3d_run-1_T1w.anat/T1_to_MNI_nonlin
/data/output/habib/processed/CFTY720D2201E2/sub-Dc8BYXTCIh/ses-V1_M2/anat/sub-Dc8BYXTCIh_ses-V1_M2_run-1_T1w.anat/T1_to_MNI_nonlin
/data/output/habib/processed/CFTY720D2201E2/sub-dHXst5zRSH/ses-V1_M2/anat/sub-dHXst5zRSH_ses-V1_M2_acq-3d_run-1_T1w.anat/T1_to_MNI_nonlin
/data/output/habib/processed/CFTY720D2201E2/sub-dHXst5zRSH/ses-V1_M2/anat/sub-dHXst5zRSH_ses-V1_M2_run-1_T1w.anat/T1_to_MNI_nonlin
/data/output/habib/processed/CFTY720D2201E2/sub-e7ZrbSjN0I/ses-V1_M2/anat/sub-e7ZrbSjN0I_ses-V1_M2_acq-3d_run-1_T1w.anat/T1_to_MNI_nonlin
/data/output/habib/processed/CFTY720D2201E2/sub-e7ZrbSjN0I/ses-V1_M2/anat/sub-e7ZrbSjN0I_ses-V1_M2_run-1_T1w.anat/T1_to_MNI_nonlin
/data/output/habib/processed/CFTY720D2201E2/sub-eauHrpWnAJ/ses-V1_M2/anat/sub-eauHrpWnAJ_ses-V1_M2_acq-3d_run-1_T1w.anat/T1_to_MNI_nonlin
