=========== raw Images T12D ===============
From: /data/output/habib/processed/CFTY720D2201E2/*/*/anat/*_*_run-*_T1w.anat/
To: /data/output/habib/processed/CFTY720D2201E2/QC/QC_T12D_raw
-------------------------------------------------------
/data/output/habib/processed/CFTY720D2201E2/sub-0wsPQK5lY6/ses-V1_M1/anat/sub-0wsPQK5lY6_ses-V1_M1_acq-3d_run-1_T1w.anat/T1_orig
/data/output/habib/processed/CFTY720D2201E2/sub-0wsPQK5lY6/ses-V1_M1/anat/sub-0wsPQK5lY6_ses-V1_M1_run-1_T1w.anat/T1_orig
/data/output/habib/processed/CFTY720D2201E2/sub-0wsPQK5lY6/ses-V1_M2/anat/sub-0wsPQK5lY6_ses-V1_M2_acq-3d_run-1_T1w.anat/T1_orig
/data/output/habib/processed/CFTY720D2201E2/sub-0wsPQK5lY6/ses-V1_M2/anat/sub-0wsPQK5lY6_ses-V1_M2_run-1_T1w.anat/T1_orig
/data/output/habib/processed/CFTY720D2201E2/sub-183o7a9Kuv/ses-V1_M2/anat/sub-183o7a9Kuv_ses-V1_M2_acq-3d_run-1_T1w.anat/T1_orig
/data/output/habib/processed/CFTY720D2201E2/sub-183o7a9Kuv/ses-V1_M2/anat/sub-183o7a9Kuv_ses-V1_M2_run-1_T1w.anat/T1_orig
/data/output/habib/processed/CFTY720D2201E2/sub-1cZUhu0QDr/ses-V1_M2/anat/sub-1cZUhu0QDr_ses-V1_M2_acq-3d_run-1_T1w.anat/T1_orig
/data/output/habib/processed/CFTY720D2201E2/sub-1cZUhu0QDr/ses-V1_M2/anat/sub-1cZUhu0QDr_ses-V1_M2_run-1_T1w.anat/T1_orig
/data/output/habib/processed/CFTY720D2201E2/sub-1driL0OzyP/ses-V1_M2/anat/sub-1driL0OzyP_ses-V1_M2_acq-3d_run-1_T1w.anat/T1_orig
/data/output/habib/processed/CFTY720D2201E2/sub-1driL0OzyP/ses-V1_M2/anat/sub-1driL0OzyP_ses-V1_M2_run-1_T1w.anat/T1_orig
/data/output/habib/processed/CFTY720D2201E2/sub-1jE8YizEvR/ses-V1_M1/anat/sub-1jE8YizEvR_ses-V1_M1_acq-3d_run-1_T1w.anat/T1_orig
/data/output/habib/processed/CFTY720D2201E2/sub-1jE8YizEvR/ses-V1_M1/anat/sub-1jE8YizEvR_ses-V1_M1_run-1_T1w.anat/T1_orig
/data/output/habib/processed/CFTY720D2201E2/sub-1oymr0VERy/ses-V1_M2/anat/sub-1oymr0VERy_ses-V1_M2_acq-3d_run-1_T1w.anat/T1_orig
/data/output/habib/processed/CFTY720D2201E2/sub-1oymr0VERy/ses-V1_M2/anat/sub-1oymr0VERy_ses-V1_M2_run-1_T1w.anat/T1_orig
/data/output/habib/processed/CFTY720D2201E2/sub-1PxKo6JX7C/ses-V1_M2/anat/sub-1PxKo6JX7C_ses-V1_M2_acq-3d_run-1_T1w.anat/T1_orig
/data/output/habib/processed/CFTY720D2201E2/sub-1PxKo6JX7C/ses-V1_M2/anat/sub-1PxKo6JX7C_ses-V1_M2_run-1_T1w.anat/T1_orig
/data/output/habib/processed/CFTY720D2201E2/sub-2okKlAKGz7/ses-V1_M2/anat/sub-2okKlAKGz7_ses-V1_M2_acq-3d_run-1_T1w.anat/T1_orig
/data/output/habib/processed/CFTY720D2201E2/sub-2okKlAKGz7/ses-V1_M2/anat/sub-2okKlAKGz7_ses-V1_M2_run-1_T1w.anat/T1_orig
/data/output/habib/processed/CFTY720D2201E2/sub-3F8MbRMFA7/ses-V1_M2/anat/sub-3F8MbRMFA7_ses-V1_M2_acq-3d_run-1_T1w.anat/T1_orig
/data/output/habib/processed/CFTY720D2201E2/sub-3F8MbRMFA7/ses-V1_M2/anat/sub-3F8MbRMFA7_ses-V1_M2_run-1_T1w.anat/T1_orig
/data/output/habib/processed/CFTY720D2201E2/sub-3LfnLr4zCi/ses-V1_M2/anat/sub-3LfnLr4zCi_ses-V1_M2_acq-3d_run-1_T1w.anat/T1_orig
/data/output/habib/processed/CFTY720D2201E2/sub-3LfnLr4zCi/ses-V1_M2/anat/sub-3LfnLr4zCi_ses-V1_M2_run-1_T1w.anat/T1_orig
/data/output/habib/processed/CFTY720D2201E2/sub-3ysKTMARIM/ses-V1_M2/anat/sub-3ysKTMARIM_ses-V1_M2_acq-3d_run-1_T1w.anat/T1_orig
/data/output/habib/processed/CFTY720D2201E2/sub-3ysKTMARIM/ses-V1_M2/anat/sub-3ysKTMARIM_ses-V1_M2_run-1_T1w.anat/T1_orig
/data/output/habib/processed/CFTY720D2201E2/sub-3ZRFEERndi/ses-V1_M2/anat/sub-3ZRFEERndi_ses-V1_M2_acq-3d_run-1_T1w.anat/T1_orig
/data/output/habib/processed/CFTY720D2201E2/sub-3ZRFEERndi/ses-V1_M2/anat/sub-3ZRFEERndi_ses-V1_M2_run-1_T1w.anat/T1_orig
/data/output/habib/processed/CFTY720D2201E2/sub-4EaWtGpT5c/ses-V1_M2/anat/sub-4EaWtGpT5c_ses-V1_M2_acq-3d_run-1_T1w.anat/T1_orig
/data/output/habib/processed/CFTY720D2201E2/sub-4EaWtGpT5c/ses-V1_M2/anat/sub-4EaWtGpT5c_ses-V1_M2_run-1_T1w.anat/T1_orig
/data/output/habib/processed/CFTY720D2201E2/sub-5Plsjvb43n/ses-V1.01_M2/anat/sub-5Plsjvb43n_ses-V1.01_M2_acq-3d_run-1_T1w.anat/T1_orig
/data/output/habib/processed/CFTY720D2201E2/sub-5Plsjvb43n/ses-V1.01_M2/anat/sub-5Plsjvb43n_ses-V1.01_M2_run-1_T1w.anat/T1_orig
/data/output/habib/processed/CFTY720D2201E2/sub-5Plsjvb43n/ses-V1_M2/anat/sub-5Plsjvb43n_ses-V1_M2_acq-3d_run-1_T1w.anat/T1_orig
/data/output/habib/processed/CFTY720D2201E2/sub-5Plsjvb43n/ses-V1_M2/anat/sub-5Plsjvb43n_ses-V1_M2_run-1_T1w.anat/T1_orig
/data/output/habib/processed/CFTY720D2201E2/sub-62XyHhP36E/ses-V1_M2/anat/sub-62XyHhP36E_ses-V1_M2_acq-3d_run-1_T1w.anat/T1_orig
/data/output/habib/processed/CFTY720D2201E2/sub-62XyHhP36E/ses-V1_M2/anat/sub-62XyHhP36E_ses-V1_M2_run-1_T1w.anat/T1_orig
/data/output/habib/processed/CFTY720D2201E2/sub-6jW6DQ3vXt/ses-V1.01_M2/anat/sub-6jW6DQ3vXt_ses-V1.01_M2_acq-3d_run-1_T1w.anat/T1_orig
/data/output/habib/processed/CFTY720D2201E2/sub-6jW6DQ3vXt/ses-V1.01_M2/anat/sub-6jW6DQ3vXt_ses-V1.01_M2_run-1_T1w.anat/T1_orig
/data/output/habib/processed/CFTY720D2201E2/sub-6jW6DQ3vXt/ses-V1_M2/anat/sub-6jW6DQ3vXt_ses-V1_M2_acq-3d_run-1_T1w.anat/T1_orig
/data/output/habib/processed/CFTY720D2201E2/sub-6jW6DQ3vXt/ses-V1_M2/anat/sub-6jW6DQ3vXt_ses-V1_M2_run-1_T1w.anat/T1_orig
/data/output/habib/processed/CFTY720D2201E2/sub-6tB8gfR6aS/ses-V1_M2/anat/sub-6tB8gfR6aS_ses-V1_M2_acq-3d_run-1_T1w.anat/T1_orig
/data/output/habib/processed/CFTY720D2201E2/sub-6tB8gfR6aS/ses-V1_M2/anat/sub-6tB8gfR6aS_ses-V1_M2_run-1_T1w.anat/T1_orig
/data/output/habib/processed/CFTY720D2201E2/sub-7OGonGEGfU/ses-V1_M2/anat/sub-7OGonGEGfU_ses-V1_M2_acq-3d_run-1_T1w.anat/T1_orig
/data/output/habib/processed/CFTY720D2201E2/sub-7OGonGEGfU/ses-V1_M2/anat/sub-7OGonGEGfU_ses-V1_M2_run-1_T1w.anat/T1_orig
/data/output/habib/processed/CFTY720D2201E2/sub-8gyU01o87r/ses-V1_M2/anat/sub-8gyU01o87r_ses-V1_M2_acq-3d_run-1_T1w.anat/T1_orig
